2021-04-08 20:19:55,966 INFO  [Log] **************************************************************************************** 
2021-04-08 20:19:55,974 INFO  [Log] **************************************************************************************** 
2021-04-08 20:19:55,974 INFO  [Log] $$$$$$$$$$$$$$$$$$$$$                 Selenium_Test_001       $$$$$$$$$$$$$$$$$$$$$$$$$ 
2021-04-08 20:19:55,974 INFO  [Log] **************************************************************************************** 
2021-04-08 20:19:55,974 INFO  [Log] **************************************************************************************** 
2021-04-08 20:19:55,974 INFO  [Log] Firefox Browser started. 
2021-04-08 20:20:14,714 INFO  [Log] Chrome Browser started. 
2021-04-08 20:20:29,636 INFO  [Log] User navigated to OrangeHRM application. 
2021-04-08 20:32:22,914 INFO  [Log] **************************************************************************************** 
2021-04-08 20:32:22,924 INFO  [Log] **************************************************************************************** 
2021-04-08 20:32:22,924 INFO  [Log] $$$$$$$$$$$$$$$$$$$$$                 Selenium_Test_001       $$$$$$$$$$$$$$$$$$$$$$$$$ 
2021-04-08 20:32:22,924 INFO  [Log] **************************************************************************************** 
2021-04-08 20:32:22,924 INFO  [Log] **************************************************************************************** 
2021-04-08 20:32:51,225 INFO  [Log] Chrome Browser started. 
2021-04-08 20:33:05,922 INFO  [Log] User navigated to OrangeHRM application. 
2021-04-08 20:33:29,382 INFO  [Log] XXXXXXXXXXXXXXXXXXXXXXX             -E---N---D-             XXXXXXXXXXXXXXXXXXXXXX 
2021-04-08 20:33:29,382 INFO  [Log] X 
2021-04-08 20:33:29,382 INFO  [Log] X 
2021-04-08 20:33:29,382 INFO  [Log] X 
2021-04-08 20:33:29,382 INFO  [Log] X 
2021-04-08 20:51:23,530 INFO  [Log] **************************************************************************************** 
2021-04-08 20:51:23,586 INFO  [Log] **************************************************************************************** 
2021-04-08 20:51:23,586 INFO  [Log] $$$$$$$$$$$$$$$$$$$$$                 Selenium_Test_001       $$$$$$$$$$$$$$$$$$$$$$$$$ 
2021-04-08 20:51:23,586 INFO  [Log] **************************************************************************************** 
2021-04-08 20:51:23,586 INFO  [Log] **************************************************************************************** 
2021-04-08 20:51:37,068 INFO  [Log] Chrome Browser started. 
2021-04-08 20:51:48,162 INFO  [Log] User navigated to OrangeHRM application. 
2021-04-08 20:52:09,951 INFO  [Log] XXXXXXXXXXXXXXXXXXXXXXX             -E---N---D-             XXXXXXXXXXXXXXXXXXXXXX 
2021-04-08 20:52:09,951 INFO  [Log] X 
2021-04-08 20:52:09,951 INFO  [Log] X 
2021-04-08 20:52:09,951 INFO  [Log] X 
2021-04-08 20:52:09,951 INFO  [Log] X 
2021-04-08 21:01:06,081 INFO  [Log] **************************************************************************************** 
2021-04-08 21:01:06,081 INFO  [Log] **************************************************************************************** 
2021-04-08 21:01:06,081 INFO  [Log] $$$$$$$$$$$$$$$$$$$$$                 Selenium_Test_001       $$$$$$$$$$$$$$$$$$$$$$$$$ 
2021-04-08 21:01:06,081 INFO  [Log] **************************************************************************************** 
2021-04-08 21:01:06,081 INFO  [Log] **************************************************************************************** 
2021-04-08 21:01:20,974 INFO  [Log] Chrome Browser started. 
2021-04-08 21:01:32,143 INFO  [Log] User navigated to OrangeHRM application. 
2021-04-08 21:01:54,976 INFO  [Log] XXXXXXXXXXXXXXXXXXXXXXX             -E---N---D-             XXXXXXXXXXXXXXXXXXXXXX 
2021-04-08 21:01:54,976 INFO  [Log] X 
2021-04-08 21:01:54,976 INFO  [Log] X 
2021-04-08 21:01:54,976 INFO  [Log] X 
2021-04-08 21:01:54,976 INFO  [Log] X 
